[18/Oct/2025:13:15:05 +0900] 0:0:0:0:0:0:0:1 "POST /v1/auth/magic-link/request HTTP/1.1" 200 251791
[18/Oct/2025:13:18:55 +0900] 0:0:0:0:0:0:0:1 "POST /v1/auth/magic-link/consume HTTP/1.1" 401 33478
[18/Oct/2025:13:19:17 +0900] 0:0:0:0:0:0:0:1 "POST /v1/auth/magic-link/consume HTTP/1.1" 401 7673
[18/Oct/2025:13:20:43 +0900] 0:0:0:0:0:0:0:1 "POST /v1/auth/magic-link/consume HTTP/1.1" 200 106298
[18/Oct/2025:13:21:09 +0900] 0:0:0:0:0:0:0:1 "GET /v1/auth/csrf HTTP/1.1" 200 16277
[18/Oct/2025:13:21:56 +0900] 0:0:0:0:0:0:0:1 "POST /v1/posts HTTP/1.1" 200 33942
[18/Oct/2025:13:22:10 +0900] 0:0:0:0:0:0:0:1 "POST /v1/tweets/25/replies HTTP/1.1" 405 21056
[18/Oct/2025:13:23:53 +0900] 0:0:0:0:0:0:0:1 "POST /v1/tweets/4/replies HTTP/1.1" 405 16222
[18/Oct/2025:13:25:14 +0900] 0:0:0:0:0:0:0:1 "POST /v1/tweets/4/replies HTTP/1.1" 405 11996
[18/Oct/2025:13:28:14 +0900] 0:0:0:0:0:0:0:1 "POST /v1/tweets/4/reply HTTP/1.1" 200 36615
[18/Oct/2025:13:28:38 +0900] 0:0:0:0:0:0:0:1 "PUT /v1/tweets/25/repost HTTP/1.1" 200 22137
[18/Oct/2025:13:28:52 +0900] 0:0:0:0:0:0:0:1 "DELETE /v1/tweets/25/repost HTTP/1.1" 200 15859
[18/Oct/2025:13:29:03 +0900] 0:0:0:0:0:0:0:1 "PUT /v1/tweets/25/like HTTP/1.1" 200 9861
[18/Oct/2025:13:29:17 +0900] 0:0:0:0:0:0:0:1 "GET /v1/timeline?limit=30&cursor=100 HTTP/1.1" 200 63516
[18/Oct/2025:13:29:27 +0900] 0:0:0:0:0:0:0:1 "GET /v1/tweets/25/replies?limit=30&cursor=200 HTTP/1.1" 200 17891
[18/Oct/2025:13:29:38 +0900] 0:0:0:0:0:0:0:1 "GET /v1/users/1/tweets?limit=30&cursor=150 HTTP/1.1" 200 18866
[18/Oct/2025:13:29:46 +0900] 0:0:0:0:0:0:0:1 "GET /v1/tweets/popular?limit=30&cursor_like=500&cursor_id=1000&day_count=15 HTTP/1.1" 200 27729
[18/Oct/2025:13:29:58 +0900] 0:0:0:0:0:0:0:1 "DELETE /v1/tweets/25/delete HTTP/1.1" 500 114542
[18/Oct/2025:13:30:24 +0900] 0:0:0:0:0:0:0:1 "DELETE /v1/tweets/1/delete HTTP/1.1" 200 16927
[18/Oct/2025:13:30:41 +0900] 0:0:0:0:0:0:0:1 "PUT /v1/users/2/follow HTTP/1.1" 200 15095
[18/Oct/2025:13:30:57 +0900] 0:0:0:0:0:0:0:1 "DELETE /v1/users/2/follow HTTP/1.1" 200 11522
[18/Oct/2025:13:31:12 +0900] 0:0:0:0:0:0:0:1 "GET /v1/users/2/followers?limit=30&cursor=100 HTTP/1.1" 500 23848
[18/Oct/2025:13:40:04 +0900] 0:0:0:0:0:0:0:1 "POST /v1/auth/magic-link/request HTTP/1.1" 200 119820
[18/Oct/2025:13:40:39 +0900] 0:0:0:0:0:0:0:1 "POST /v1/auth/magic-link/consume HTTP/1.1" 200 96381
[18/Oct/2025:13:41:05 +0900] 0:0:0:0:0:0:0:1 "GET /v1/auth/csrf HTTP/1.1" 200 15595
[18/Oct/2025:13:42:06 +0900] 0:0:0:0:0:0:0:1 "GET /v1/users/2/followers?limit=30&cursor=100 HTTP/1.1" 401 13288
[18/Oct/2025:13:44:27 +0900] 0:0:0:0:0:0:0:1 "POST /v1/auth/refresh HTTP/1.1" 200 28178
[18/Oct/2025:13:45:13 +0900] 0:0:0:0:0:0:0:1 "GET /v1/users/2/followers?limit=30&cursor=100 HTTP/1.1" 200 34574
[18/Oct/2025:13:45:28 +0900] 0:0:0:0:0:0:0:1 "GET /v1/users/42/following?limit=30&cursor=100 HTTP/1.1" 200 14873
