[10/Oct/2025:02:16:53 +0900] 0:0:0:0:0:0:0:1 "POST /v1/auth/magic-link/request HTTP/1.1" 200 204214
[10/Oct/2025:02:17:13 +0900] 0:0:0:0:0:0:0:1 "POST /v1/auth/magic-link/consume HTTP/1.1" 200 142800
[10/Oct/2025:02:19:02 +0900] 0:0:0:0:0:0:0:1 "GET /v1/auth/csrf HTTP/1.1" 500 67226
[10/Oct/2025:02:19:46 +0900] 0:0:0:0:0:0:0:1 "GET /v1/auth/csrf HTTP/1.1" 500 13945
[10/Oct/2025:02:23:22 +0900] 0:0:0:0:0:0:0:1 "GET /actuator/health HTTP/1.1" 503 217931
[10/Oct/2025:02:23:22 +0900] 0:0:0:0:0:0:0:1 "OPTIONS /v1/posts HTTP/1.1" 200 4334
[10/Oct/2025:02:23:22 +0900] 0:0:0:0:0:0:0:1 "POST /v1/posts HTTP/1.1" 500 93350
[10/Oct/2025:15:40:08 +0900] 0:0:0:0:0:0:0:1 "OPTIONS /v1/auth/magic-link/request HTTP/1.1" 200 56263
[10/Oct/2025:15:40:09 +0900] 0:0:0:0:0:0:0:1 "POST /v1/auth/magic-link/request HTTP/1.1" 200 87425
[10/Oct/2025:15:40:24 +0900] 0:0:0:0:0:0:0:1 "OPTIONS /v1/auth/magic-link/consume HTTP/1.1" 200 23500
[10/Oct/2025:15:40:25 +0900] 0:0:0:0:0:0:0:1 "POST /v1/auth/magic-link/consume HTTP/1.1" 200 233775
[10/Oct/2025:15:41:28 +0900] 0:0:0:0:0:0:0:1 "GET /actuator/health HTTP/1.1" 503 279574
[10/Oct/2025:15:41:28 +0900] 0:0:0:0:0:0:0:1 "OPTIONS /v1/posts HTTP/1.1" 200 6189
[10/Oct/2025:15:41:29 +0900] 0:0:0:0:0:0:0:1 "POST /v1/posts HTTP/1.1" 500 281433
[10/Oct/2025:15:55:24 +0900] 0:0:0:0:0:0:0:1 "OPTIONS /v1/auth/magic-link/request HTTP/1.1" 200 12783
[10/Oct/2025:15:55:24 +0900] 0:0:0:0:0:0:0:1 "POST /v1/auth/magic-link/request HTTP/1.1" 200 17446
[10/Oct/2025:15:55:46 +0900] 0:0:0:0:0:0:0:1 "OPTIONS /v1/auth/magic-link/consume HTTP/1.1" 200 9028
[10/Oct/2025:15:55:46 +0900] 0:0:0:0:0:0:0:1 "POST /v1/auth/magic-link/consume HTTP/1.1" 200 20510
[10/Oct/2025:15:55:59 +0900] 0:0:0:0:0:0:0:1 "GET /actuator/health HTTP/1.1" 503 64896
[10/Oct/2025:15:55:59 +0900] 0:0:0:0:0:0:0:1 "-" 400 0
[10/Oct/2025:15:55:59 +0900] 0:0:0:0:0:0:0:1 "-" 400 0
[10/Oct/2025:15:55:59 +0900] 0:0:0:0:0:0:0:1 "-" 400 0
[10/Oct/2025:15:56:17 +0900] 0:0:0:0:0:0:0:1 "-" 400 0
[10/Oct/2025:15:56:17 +0900] 0:0:0:0:0:0:0:1 "-" 400 0
[10/Oct/2025:15:56:17 +0900] 0:0:0:0:0:0:0:1 "-" 400 0
[10/Oct/2025:15:56:17 +0900] 0:0:0:0:0:0:0:1 "-" 400 0
[10/Oct/2025:15:56:17 +0900] 0:0:0:0:0:0:0:1 "-" 400 0
[10/Oct/2025:15:56:17 +0900] 0:0:0:0:0:0:0:1 "-" 400 0
[10/Oct/2025:17:29:11 +0900] 0:0:0:0:0:0:0:1 "OPTIONS /v1/auth/magic-link/request HTTP/1.1" 200 13304
[10/Oct/2025:17:29:11 +0900] 0:0:0:0:0:0:0:1 "POST /v1/auth/magic-link/request HTTP/1.1" 200 39949
[10/Oct/2025:17:30:40 +0900] 0:0:0:0:0:0:0:1 "-" 400 0
[10/Oct/2025:17:30:40 +0900] 0:0:0:0:0:0:0:1 "-" 400 0
[10/Oct/2025:17:30:40 +0900] 0:0:0:0:0:0:0:1 "-" 400 0
[10/Oct/2025:17:39:14 +0900] 0:0:0:0:0:0:0:1 "-" 400 0
[10/Oct/2025:17:43:00 +0900] 0:0:0:0:0:0:0:1 "-" 400 0
[10/Oct/2025:17:46:23 +0900] 0:0:0:0:0:0:0:1 "-" 400 0
[10/Oct/2025:17:49:17 +0900] 0:0:0:0:0:0:0:1 "-" 400 0
[10/Oct/2025:17:50:35 +0900] 0:0:0:0:0:0:0:1 "-" 400 0
[10/Oct/2025:17:50:47 +0900] 0:0:0:0:0:0:0:1 "-" 400 0
[10/Oct/2025:17:50:51 +0900] 0:0:0:0:0:0:0:1 "-" 400 0
[10/Oct/2025:17:50:51 +0900] 0:0:0:0:0:0:0:1 "-" 400 0
[10/Oct/2025:17:50:52 +0900] 0:0:0:0:0:0:0:1 "-" 400 0
[10/Oct/2025:17:50:52 +0900] 0:0:0:0:0:0:0:1 "-" 400 0
[10/Oct/2025:17:50:52 +0900] 0:0:0:0:0:0:0:1 "-" 400 0
[10/Oct/2025:17:51:20 +0900] 0:0:0:0:0:0:0:1 "-" 400 0
[10/Oct/2025:18:02:56 +0900] 0:0:0:0:0:0:0:1 "-" 400 0
