[01/Oct/2025:21:03:30 +0900] 0:0:0:0:0:0:0:1 "HEAD / HTTP/1.1" 403 55907
[01/Oct/2025:21:06:33 +0900] 0:0:0:0:0:0:0:1 "POST /v1/auth/magic-link/request HTTP/1.1" 200 80013
[01/Oct/2025:21:08:04 +0900] 0:0:0:0:0:0:0:1 "POST /v1/auth/magic-link/consume HTTP/1.1" 200 112859
[01/Oct/2025:21:08:18 +0900] 0:0:0:0:0:0:0:1 "GET /v1/auth/csrf HTTP/1.1" 200 18272
[01/Oct/2025:21:08:26 +0900] 0:0:0:0:0:0:0:1 "POST /v1/auth/refresh HTTP/1.1" 401 106849
[01/Oct/2025:21:11:02 +0900] 0:0:0:0:0:0:0:1 "GET /v1/auth/csrf HTTP/1.1" 200 10260
[01/Oct/2025:21:11:09 +0900] 0:0:0:0:0:0:0:1 "POST /v1/auth/refresh HTTP/1.1" 403 9786
[01/Oct/2025:21:14:16 +0900] 0:0:0:0:0:0:0:1 "GET /v1/auth/csrf HTTP/1.1" 200 9953
[01/Oct/2025:21:14:22 +0900] 0:0:0:0:0:0:0:1 "POST /v1/auth/refresh HTTP/1.1" 401 13574
[01/Oct/2025:21:16:24 +0900] 0:0:0:0:0:0:0:1 "POST /v1/auth/magic-link/request HTTP/1.1" 200 13409
[01/Oct/2025:21:17:15 +0900] 0:0:0:0:0:0:0:1 "POST /v1/auth/magic-link/consume HTTP/1.1" 200 20112
[01/Oct/2025:21:17:39 +0900] 0:0:0:0:0:0:0:1 "GET /v1/auth/csrf HTTP/1.1" 200 6880
[01/Oct/2025:21:17:48 +0900] 0:0:0:0:0:0:0:1 "POST /v1/auth/refresh HTTP/1.1" 401 16668
[01/Oct/2025:21:20:18 +0900] 0:0:0:0:0:0:0:1 "POST /v1/auth/magic-link/request HTTP/1.1" 200 121879
[01/Oct/2025:21:21:20 +0900] 0:0:0:0:0:0:0:1 "POST /v1/auth/magic-link/consume HTTP/1.1" 200 92829
[01/Oct/2025:21:21:50 +0900] 0:0:0:0:0:0:0:1 "GET /v1/auth/csrf HTTP/1.1" 200 16027
[01/Oct/2025:21:22:05 +0900] 0:0:0:0:0:0:0:1 "POST /v1/auth/refresh HTTP/1.1" 401 91854
[01/Oct/2025:21:26:57 +0900] 0:0:0:0:0:0:0:1 "POST /v1/auth/magic-link/request HTTP/1.1" 200 144829
[01/Oct/2025:21:28:12 +0900] 0:0:0:0:0:0:0:1 "POST /v1/auth/magic-link/request HTTP/1.1" 200 121017
[01/Oct/2025:21:28:58 +0900] 0:0:0:0:0:0:0:1 "POST /v1/auth/magic-link/consume HTTP/1.1" 200 89701
[01/Oct/2025:21:29:14 +0900] 0:0:0:0:0:0:0:1 "GET /v1/auth/csrf HTTP/1.1" 200 19574
[01/Oct/2025:21:29:25 +0900] 0:0:0:0:0:0:0:1 "POST /v1/auth/refresh HTTP/1.1" 200 24351
