[07/Oct/2025:15:11:11 +0900] 0:0:0:0:0:0:0:1 "OPTIONS /v1/auth/signup HTTP/1.1" 403 70152
[07/Oct/2025:15:11:13 +0900] 0:0:0:0:0:0:0:1 "OPTIONS /v1/auth/signup HTTP/1.1" 403 5814
[07/Oct/2025:15:13:29 +0900] 0:0:0:0:0:0:0:1 "GET /v1/auth/csrf HTTP/1.1" 403 21180
[07/Oct/2025:15:13:46 +0900] 0:0:0:0:0:0:0:1 "GET / HTTP/1.1" 401 23948
[07/Oct/2025:15:14:03 +0900] 0:0:0:0:0:0:0:1 "GET /v1/auth/csrf HTTP/1.1" 403 8069
[07/Oct/2025:15:14:04 +0900] 0:0:0:0:0:0:0:1 "GET /v1/auth/csrf HTTP/1.1" 403 5978
[07/Oct/2025:15:14:12 +0900] 0:0:0:0:0:0:0:1 "GET /v1/auth/csrf HTTP/1.1" 403 10720
[07/Oct/2025:15:14:13 +0900] 0:0:0:0:0:0:0:1 "GET /v1/auth/csrf HTTP/1.1" 403 5352
[07/Oct/2025:15:14:13 +0900] 0:0:0:0:0:0:0:1 "GET /v1/auth/csrf HTTP/1.1" 403 4343
[07/Oct/2025:15:16:17 +0900] 0:0:0:0:0:0:0:1 "GET /v1/auth/csrf HTTP/1.1" 403 13389
[07/Oct/2025:15:16:17 +0900] 0:0:0:0:0:0:0:1 "GET /v1/auth/csrf HTTP/1.1" 403 21903
[07/Oct/2025:15:16:17 +0900] 0:0:0:0:0:0:0:1 "GET /v1/auth/csrf HTTP/1.1" 403 3861
[07/Oct/2025:15:16:18 +0900] 0:0:0:0:0:0:0:1 "GET /v1/auth/csrf HTTP/1.1" 403 5803
[07/Oct/2025:15:16:19 +0900] 0:0:0:0:0:0:0:1 "GET /v1/auth/csrf HTTP/1.1" 403 5200
[07/Oct/2025:15:16:42 +0900] 0:0:0:0:0:0:0:1 "GET /v1/auth/csrf HTTP/1.1" 403 4460
[07/Oct/2025:15:16:42 +0900] 0:0:0:0:0:0:0:1 "GET /v1/auth/csrf HTTP/1.1" 403 5648
[07/Oct/2025:15:16:43 +0900] 0:0:0:0:0:0:0:1 "GET /v1/auth/csrf HTTP/1.1" 403 5300
[07/Oct/2025:15:16:55 +0900] 0:0:0:0:0:0:0:1 "GET /v1/auth/csrf HTTP/1.1" 403 9289
[07/Oct/2025:15:16:56 +0900] 0:0:0:0:0:0:0:1 "GET /v1/auth/csrf HTTP/1.1" 403 4503
[07/Oct/2025:15:16:57 +0900] 0:0:0:0:0:0:0:1 "GET /v1/auth/csrf HTTP/1.1" 403 8059
[07/Oct/2025:15:17:16 +0900] 0:0:0:0:0:0:0:1 "GET /v1/auth/csrf HTTP/1.1" 403 14878
[07/Oct/2025:15:24:31 +0900] 0:0:0:0:0:0:0:1 "GET / HTTP/1.1" 401 64493
[07/Oct/2025:15:24:31 +0900] 0:0:0:0:0:0:0:1 "GET / HTTP/1.1" 401 61280
[07/Oct/2025:15:25:44 +0900] 0:0:0:0:0:0:0:1 "GET /v1/auth/csrf HTTP/1.1" 200 66890
[07/Oct/2025:15:25:44 +0900] 0:0:0:0:0:0:0:1 "OPTIONS /v1/auth/signup HTTP/1.1" 200 9533
[07/Oct/2025:15:25:44 +0900] 0:0:0:0:0:0:0:1 "POST /v1/auth/signup HTTP/1.1" 401 73513
[07/Oct/2025:15:32:14 +0900] 0:0:0:0:0:0:0:1 "GET /v1/auth/csrf HTTP/1.1" 200 23833
[07/Oct/2025:15:32:14 +0900] 0:0:0:0:0:0:0:1 "OPTIONS /v1/auth/signup HTTP/1.1" 200 2716
[07/Oct/2025:15:32:14 +0900] 0:0:0:0:0:0:0:1 "POST /v1/auth/signup HTTP/1.1" 401 8930
[07/Oct/2025:15:40:47 +0900] 0:0:0:0:0:0:0:1 "GET /v1/auth/csrf HTTP/1.1" 200 15375
[07/Oct/2025:15:40:47 +0900] 0:0:0:0:0:0:0:1 "OPTIONS /v1/auth/signup HTTP/1.1" 200 2114
[07/Oct/2025:15:40:47 +0900] 0:0:0:0:0:0:0:1 "POST /v1/auth/signup HTTP/1.1" 401 7721
[07/Oct/2025:16:00:13 +0900] 0:0:0:0:0:0:0:1 "GET /v1/auth/csrf HTTP/1.1" 200 85446
[07/Oct/2025:16:00:13 +0900] 0:0:0:0:0:0:0:1 "OPTIONS /v1/auth/signup HTTP/1.1" 200 3333
[07/Oct/2025:16:00:13 +0900] 0:0:0:0:0:0:0:1 "POST /v1/auth/signup HTTP/1.1" 401 65164
[07/Oct/2025:16:02:10 +0900] 0:0:0:0:0:0:0:1 "GET /v1/auth/csrf HTTP/1.1" 200 83349
[07/Oct/2025:16:02:10 +0900] 0:0:0:0:0:0:0:1 "OPTIONS /v1/auth/signup HTTP/1.1" 200 3500
[07/Oct/2025:16:02:10 +0900] 0:0:0:0:0:0:0:1 "POST /v1/auth/signup HTTP/1.1" 401 62885
[07/Oct/2025:16:12:34 +0900] 0:0:0:0:0:0:0:1 "GET /v1/auth/csrf HTTP/1.1" 200 24443
[07/Oct/2025:16:12:34 +0900] 0:0:0:0:0:0:0:1 "OPTIONS /v1/auth/signup HTTP/1.1" 200 3429
[07/Oct/2025:16:12:34 +0900] 0:0:0:0:0:0:0:1 "POST /v1/auth/signup HTTP/1.1" 401 19837
[07/Oct/2025:16:14:55 +0900] 0:0:0:0:0:0:0:1 "POST /v1/auth/signup HTTP/1.1" 401 11294
[07/Oct/2025:16:23:40 +0900] 0:0:0:0:0:0:0:1 "OPTIONS /v1/auth/signup HTTP/1.1" 200 8015
[07/Oct/2025:16:23:40 +0900] 0:0:0:0:0:0:0:1 "POST /v1/auth/signup HTTP/1.1" 401 11247
[07/Oct/2025:16:24:12 +0900] 0:0:0:0:0:0:0:1 "POST /v1/auth/signup HTTP/1.1" 401 13208
[07/Oct/2025:16:25:38 +0900] 0:0:0:0:0:0:0:1 "POST /v1/auth/signup HTTP/1.1" 401 8741
[07/Oct/2025:16:30:57 +0900] 0:0:0:0:0:0:0:1 "OPTIONS /v1/auth/signup HTTP/1.1" 200 53576
[07/Oct/2025:16:30:57 +0900] 0:0:0:0:0:0:0:1 "POST /v1/auth/signup HTTP/1.1" 401 81216
[07/Oct/2025:16:35:15 +0900] 0:0:0:0:0:0:0:1 "OPTIONS /v1/auth/signup HTTP/1.1" 200 8548
[07/Oct/2025:16:35:15 +0900] 0:0:0:0:0:0:0:1 "POST /v1/auth/signup HTTP/1.1" 401 19914
[07/Oct/2025:16:39:35 +0900] 0:0:0:0:0:0:0:1 "OPTIONS /v1/auth/signup HTTP/1.1" 200 54909
[07/Oct/2025:16:39:35 +0900] 0:0:0:0:0:0:0:1 "POST /v1/auth/signup HTTP/1.1" 400 90235
[07/Oct/2025:16:42:01 +0900] 0:0:0:0:0:0:0:1 "OPTIONS /v1/auth/signup HTTP/1.1" 200 20479
[07/Oct/2025:16:42:01 +0900] 0:0:0:0:0:0:0:1 "POST /v1/auth/signup HTTP/1.1" 202 447711
[07/Oct/2025:17:27:24 +0900] 0:0:0:0:0:0:0:1 "OPTIONS /v1/auth/signup HTTP/1.1" 200 10455
[07/Oct/2025:17:27:24 +0900] 0:0:0:0:0:0:0:1 "POST /v1/auth/signup HTTP/1.1" 202 292248
[07/Oct/2025:17:27:51 +0900] 0:0:0:0:0:0:0:1 "OPTIONS /v1/auth/verify HTTP/1.1" 200 8338
[07/Oct/2025:17:27:51 +0900] 0:0:0:0:0:0:0:1 "POST /v1/auth/verify HTTP/1.1" 200 90365
[07/Oct/2025:17:28:46 +0900] 0:0:0:0:0:0:0:1 "OPTIONS /v1/auth/magic-link/consume HTTP/1.1" 200 13403
[07/Oct/2025:17:28:46 +0900] 0:0:0:0:0:0:0:1 "POST /v1/auth/magic-link/consume HTTP/1.1" 200 101146
[07/Oct/2025:17:33:20 +0900] 0:0:0:0:0:0:0:1 "OPTIONS /v1/auth/magic-link/request HTTP/1.1" 200 10062
[07/Oct/2025:17:33:20 +0900] 0:0:0:0:0:0:0:1 "POST /v1/auth/magic-link/request HTTP/1.1" 200 24718
[07/Oct/2025:17:34:01 +0900] 0:0:0:0:0:0:0:1 "OPTIONS /v1/auth/magic-link/consume HTTP/1.1" 200 9460
[07/Oct/2025:17:34:01 +0900] 0:0:0:0:0:0:0:1 "POST /v1/auth/magic-link/consume HTTP/1.1" 200 36759
[07/Oct/2025:17:38:55 +0900] 0:0:0:0:0:0:0:1 "GET /v1/users/3/followers HTTP/1.1" 401 34174
[07/Oct/2025:17:38:55 +0900] 0:0:0:0:0:0:0:1 "GET /v1/users/2/following HTTP/1.1" 401 31181
[07/Oct/2025:17:39:30 +0900] 0:0:0:0:0:0:0:1 "GET /v1/auth/csrf HTTP/1.1" 500 32685
[07/Oct/2025:17:41:27 +0900] 0:0:0:0:0:0:0:1 "GET /v1/auth/csrf HTTP/1.1" 500 20518
[07/Oct/2025:17:44:44 +0900] 0:0:0:0:0:0:0:1 "GET /v1/auth/csrf HTTP/1.1" 500 17016
[07/Oct/2025:17:44:44 +0900] 0:0:0:0:0:0:0:1 "OPTIONS /v1/users/3/follow HTTP/1.1" 200 3852
[07/Oct/2025:17:44:44 +0900] 0:0:0:0:0:0:0:1 "PUT /v1/users/3/follow HTTP/1.1" 200 55878
[07/Oct/2025:17:44:44 +0900] 0:0:0:0:0:0:0:1 "OPTIONS /v1/users/3/followers HTTP/1.1" 200 3827
[07/Oct/2025:17:44:44 +0900] 0:0:0:0:0:0:0:1 "GET /v1/users/3/followers HTTP/1.1" 200 33626
[07/Oct/2025:17:44:44 +0900] 0:0:0:0:0:0:0:1 "OPTIONS /v1/users/4/following HTTP/1.1" 200 3966
[07/Oct/2025:17:44:44 +0900] 0:0:0:0:0:0:0:1 "GET /v1/users/4/following HTTP/1.1" 200 10029
[07/Oct/2025:22:59:13 +0900] 0:0:0:0:0:0:0:1 "GET /v1/users/3/followers HTTP/1.1" 401 20923
[07/Oct/2025:22:59:13 +0900] 0:0:0:0:0:0:0:1 "GET /v1/users/2/following HTTP/1.1" 401 4962
[07/Oct/2025:23:03:46 +0900] 0:0:0:0:0:0:0:1 "GET /v1/users/3/followers HTTP/1.1" 401 19885
[07/Oct/2025:23:03:46 +0900] 0:0:0:0:0:0:0:1 "GET /v1/users/2/following HTTP/1.1" 401 20204
[07/Oct/2025:23:04:11 +0900] 0:0:0:0:0:0:0:1 "GET /v1/users/2/following HTTP/1.1" 401 18041
[07/Oct/2025:23:04:11 +0900] 0:0:0:0:0:0:0:1 "GET /v1/users/3/followers HTTP/1.1" 401 18631
[07/Oct/2025:23:05:21 +0900] 0:0:0:0:0:0:0:1 "GET /v1/users/2/following HTTP/1.1" 401 12106
[07/Oct/2025:23:05:21 +0900] 0:0:0:0:0:0:0:1 "GET /v1/users/3/followers HTTP/1.1" 401 12869
[07/Oct/2025:23:05:44 +0900] 0:0:0:0:0:0:0:1 "GET /v1/users/3/followers HTTP/1.1" 401 19739
[07/Oct/2025:23:05:44 +0900] 0:0:0:0:0:0:0:1 "GET /v1/users/2/following HTTP/1.1" 401 19703
[07/Oct/2025:23:08:43 +0900] 0:0:0:0:0:0:0:1 "GET /v1/users/2/following HTTP/1.1" 401 20933
[07/Oct/2025:23:08:43 +0900] 0:0:0:0:0:0:0:1 "GET /v1/users/2/following HTTP/1.1" 401 21068
[07/Oct/2025:23:08:43 +0900] 0:0:0:0:0:0:0:1 "GET /v1/users/3/followers HTTP/1.1" 401 24954
[07/Oct/2025:23:08:43 +0900] 0:0:0:0:0:0:0:1 "GET /v1/users/3/followers HTTP/1.1" 401 25940
