[08/Oct/2025:11:12:05 +0900] 0:0:0:0:0:0:0:1 "OPTIONS /v1/auth/magic-link/request HTTP/1.1" 200 59056
[08/Oct/2025:11:12:05 +0900] 0:0:0:0:0:0:0:1 "POST /v1/auth/magic-link/request HTTP/1.1" 200 105940
[08/Oct/2025:11:13:21 +0900] 0:0:0:0:0:0:0:1 "OPTIONS /v1/auth/magic-link/consume HTTP/1.1" 200 9205
[08/Oct/2025:11:13:21 +0900] 0:0:0:0:0:0:0:1 "POST /v1/auth/magic-link/consume HTTP/1.1" 200 143629
[08/Oct/2025:11:13:41 +0900] 0:0:0:0:0:0:0:1 "GET /v1/users/3/followers HTTP/1.1" 401 24055
[08/Oct/2025:11:13:41 +0900] 0:0:0:0:0:0:0:1 "GET /v1/users/2/following HTTP/1.1" 401 4417
[08/Oct/2025:11:13:41 +0900] 0:0:0:0:0:0:0:1 "GET /v1/users/2/following HTTP/1.1" 401 4436
[08/Oct/2025:11:13:41 +0900] 0:0:0:0:0:0:0:1 "GET /v1/users/3/followers HTTP/1.1" 401 9866
[08/Oct/2025:11:13:49 +0900] 0:0:0:0:0:0:0:1 "OPTIONS /v1/users/3/followers HTTP/1.1" 200 10005
[08/Oct/2025:11:13:49 +0900] 0:0:0:0:0:0:0:1 "GET /v1/users/3/followers HTTP/1.1" 500 141369
[08/Oct/2025:11:13:55 +0900] 0:0:0:0:0:0:0:1 "OPTIONS /v1/users/2/following HTTP/1.1" 200 6184
[08/Oct/2025:11:13:55 +0900] 0:0:0:0:0:0:0:1 "GET /v1/users/2/following HTTP/1.1" 500 21545
[08/Oct/2025:11:16:28 +0900] 0:0:0:0:0:0:0:1 "OPTIONS /v1/auth/magic-link/request HTTP/1.1" 200 63642
[08/Oct/2025:11:16:28 +0900] 0:0:0:0:0:0:0:1 "POST /v1/auth/magic-link/request HTTP/1.1" 200 98298
[08/Oct/2025:11:17:00 +0900] 0:0:0:0:0:0:0:1 "OPTIONS /v1/auth/magic-link/consume HTTP/1.1" 200 25296
[08/Oct/2025:11:17:00 +0900] 0:0:0:0:0:0:0:1 "POST /v1/auth/magic-link/consume HTTP/1.1" 200 130726
[08/Oct/2025:11:17:15 +0900] 0:0:0:0:0:0:0:1 "OPTIONS /v1/users/3/followers HTTP/1.1" 200 7885
[08/Oct/2025:11:17:15 +0900] 0:0:0:0:0:0:0:1 "GET /v1/users/3/followers HTTP/1.1" 500 139321
[08/Oct/2025:11:18:58 +0900] 0:0:0:0:0:0:0:1 "OPTIONS /v1/auth/magic-link/request HTTP/1.1" 200 52480
[08/Oct/2025:11:18:58 +0900] 0:0:0:0:0:0:0:1 "POST /v1/auth/magic-link/request HTTP/1.1" 200 81057
[08/Oct/2025:11:19:18 +0900] 0:0:0:0:0:0:0:1 "OPTIONS /v1/auth/magic-link/consume HTTP/1.1" 200 14551
[08/Oct/2025:11:19:18 +0900] 0:0:0:0:0:0:0:1 "POST /v1/auth/magic-link/consume HTTP/1.1" 200 123505
[08/Oct/2025:11:19:51 +0900] 0:0:0:0:0:0:0:1 "OPTIONS /v1/users/3/followers HTTP/1.1" 200 8284
[08/Oct/2025:11:19:51 +0900] 0:0:0:0:0:0:0:1 "GET /v1/users/3/followers HTTP/1.1" 500 151381
[08/Oct/2025:11:21:37 +0900] 0:0:0:0:0:0:0:1 "OPTIONS /v1/auth/magic-link/request HTTP/1.1" 200 55754
[08/Oct/2025:11:21:38 +0900] 0:0:0:0:0:0:0:1 "POST /v1/auth/magic-link/request HTTP/1.1" 200 96813
[08/Oct/2025:11:22:00 +0900] 0:0:0:0:0:0:0:1 "OPTIONS /v1/auth/magic-link/consume HTTP/1.1" 200 12922
[08/Oct/2025:11:22:00 +0900] 0:0:0:0:0:0:0:1 "POST /v1/auth/magic-link/consume HTTP/1.1" 200 118984
[08/Oct/2025:11:22:10 +0900] 0:0:0:0:0:0:0:1 "OPTIONS /v1/users/3/followers HTTP/1.1" 200 8823
[08/Oct/2025:11:22:10 +0900] 0:0:0:0:0:0:0:1 "GET /v1/users/3/followers HTTP/1.1" 200 54559
[08/Oct/2025:11:22:17 +0900] 0:0:0:0:0:0:0:1 "OPTIONS /v1/users/2/following HTTP/1.1" 200 8254
[08/Oct/2025:11:22:17 +0900] 0:0:0:0:0:0:0:1 "GET /v1/users/2/following HTTP/1.1" 200 15669
[08/Oct/2025:12:52:51 +0900] 0:0:0:0:0:0:0:1 "POST /v1/auth/magic-link/request HTTP/1.1" 200 205333
[08/Oct/2025:12:53:24 +0900] 0:0:0:0:0:0:0:1 "POST /v1/auth/magic-link/consume HTTP/1.1" 200 120672
[08/Oct/2025:12:54:40 +0900] 0:0:0:0:0:0:0:1 "GET /v1/auth/csrf HTTP/1.1" 500 31502
[08/Oct/2025:12:55:16 +0900] 0:0:0:0:0:0:0:1 "GET /v1/tweets/popular?limit=10&day_count=15 HTTP/1.1" 500 70920
[08/Oct/2025:13:04:50 +0900] 0:0:0:0:0:0:0:1 "POST /v1/auth/magic-link/request HTTP/1.1" 200 118649
[08/Oct/2025:13:05:17 +0900] 0:0:0:0:0:0:0:1 "POST /v1/auth/magic-link/consume HTTP/1.1" 200 100356
[08/Oct/2025:13:05:50 +0900] 0:0:0:0:0:0:0:1 "GET /v1/auth/csrf HTTP/1.1" 500 31111
[08/Oct/2025:13:05:59 +0900] 0:0:0:0:0:0:0:1 "GET /v1/tweets/popular?limit=10&day_count=15 HTTP/1.1" 200 65362
