[05/Oct/2025:18:46:39 +0900] 0:0:0:0:0:0:0:1 "POST /v1/auth/magic-link/request HTTP/1.1" 200 138557
[05/Oct/2025:18:47:31 +0900] 0:0:0:0:0:0:0:1 "POST /v1/auth/magic-link/consume HTTP/1.1" 200 142768
[05/Oct/2025:18:48:18 +0900] 0:0:0:0:0:0:0:1 "GET /v1/auth/csrf HTTP/1.1" 200 57312
[05/Oct/2025:18:48:33 +0900] 0:0:0:0:0:0:0:1 "POST /v1/auth/refresh HTTP/1.1" 200 31331
[05/Oct/2025:18:48:52 +0900] 0:0:0:0:0:0:0:1 "POST /v1/posts HTTP/1.1" 401 19537
[05/Oct/2025:18:53:05 +0900] 0:0:0:0:0:0:0:1 "GET /v1/auth/csrf HTTP/1.1" 200 14987
[05/Oct/2025:18:53:31 +0900] 0:0:0:0:0:0:0:1 "POST /v1/posts HTTP/1.1" 401 9384
[05/Oct/2025:18:54:02 +0900] 0:0:0:0:0:0:0:1 "GET /v1/auth/csrf HTTP/1.1" 200 9263
[05/Oct/2025:18:54:09 +0900] 0:0:0:0:0:0:0:1 "POST /v1/posts HTTP/1.1" 401 8780
[05/Oct/2025:18:57:54 +0900] 0:0:0:0:0:0:0:1 "GET /v1/auth/csrf HTTP/1.1" 200 21693
[05/Oct/2025:18:58:13 +0900] 0:0:0:0:0:0:0:1 "POST /v1/posts HTTP/1.1" 401 5525
[05/Oct/2025:19:01:12 +0900] 0:0:0:0:0:0:0:1 "GET /v1/auth/csrf HTTP/1.1" 200 14123
[05/Oct/2025:19:01:22 +0900] 0:0:0:0:0:0:0:1 "POST /v1/auth/refresh HTTP/1.1" 401 6901
[05/Oct/2025:19:01:48 +0900] 0:0:0:0:0:0:0:1 "POST /v1/posts HTTP/1.1" 401 5553
[05/Oct/2025:19:05:14 +0900] 0:0:0:0:0:0:0:1 "POST /v1/auth/magic-link/request HTTP/1.1" 200 42920
[05/Oct/2025:19:06:01 +0900] 0:0:0:0:0:0:0:1 "POST /v1/auth/magic-link/consume HTTP/1.1" 200 35678
[05/Oct/2025:19:06:11 +0900] 0:0:0:0:0:0:0:1 "GET /v1/auth/csrf HTTP/1.1" 200 6376
[05/Oct/2025:19:06:22 +0900] 0:0:0:0:0:0:0:1 "POST /v1/auth/refresh HTTP/1.1" 200 15212
[05/Oct/2025:19:06:39 +0900] 0:0:0:0:0:0:0:1 "POST /v1/posts HTTP/1.1" 200 52277
[05/Oct/2025:19:13:10 +0900] 0:0:0:0:0:0:0:1 "POST /v1/auth/magic-link/request HTTP/1.1" 200 29682
[05/Oct/2025:19:13:42 +0900] 0:0:0:0:0:0:0:1 "POST /v1/auth/magic-link/consume HTTP/1.1" 200 27082
[05/Oct/2025:19:13:50 +0900] 0:0:0:0:0:0:0:1 "GET /v1/auth/csrf HTTP/1.1" 200 5697
[05/Oct/2025:19:13:58 +0900] 0:0:0:0:0:0:0:1 "POST /v1/auth/refresh HTTP/1.1" 200 18497
[05/Oct/2025:19:14:16 +0900] 0:0:0:0:0:0:0:1 "GET /v1/auth/csrf HTTP/1.1" 200 17306
[05/Oct/2025:19:14:24 +0900] 0:0:0:0:0:0:0:1 "POST /v1/posts HTTP/1.1" 200 26804
[05/Oct/2025:19:14:50 +0900] 0:0:0:0:0:0:0:1 "GET /v1/timeline?limit=10 HTTP/1.1" 500 51069
[05/Oct/2025:19:15:09 +0900] 0:0:0:0:0:0:0:1 "GET /v1/timeline?limit=10 HTTP/1.1" 500 15554
[05/Oct/2025:19:17:12 +0900] 0:0:0:0:0:0:0:1 "GET /v1/timeline?limit=10 HTTP/1.1" 500 32630
[05/Oct/2025:22:10:13 +0900] 0:0:0:0:0:0:0:1 "POST /v1/auth/magic-link/request HTTP/1.1" 200 132417
[05/Oct/2025:22:11:02 +0900] 0:0:0:0:0:0:0:1 "POST /v1/auth/magic-link/consume HTTP/1.1" 200 107050
[05/Oct/2025:22:11:23 +0900] 0:0:0:0:0:0:0:1 "GET /v1/auth/csrf HTTP/1.1" 200 17458
[05/Oct/2025:22:11:34 +0900] 0:0:0:0:0:0:0:1 "POST /v1/auth/refresh HTTP/1.1" 200 27287
[05/Oct/2025:22:12:19 +0900] 0:0:0:0:0:0:0:1 "GET /v1/auth/csrf HTTP/1.1" 200 15521
[05/Oct/2025:22:12:29 +0900] 0:0:0:0:0:0:0:1 "POST /v1/posts HTTP/1.1" 200 51474
[05/Oct/2025:22:12:45 +0900] 0:0:0:0:0:0:0:1 "GET /v1/timeline?limit=10 HTTP/1.1" 500 146317
[05/Oct/2025:22:12:53 +0900] 0:0:0:0:0:0:0:1 "GET /v1/timeline?limit=10 HTTP/1.1" 500 18175
[05/Oct/2025:22:13:40 +0900] 0:0:0:0:0:0:0:1 "GET /v1/timeline?limit=10 HTTP/1.1" 500 39519
[05/Oct/2025:22:20:49 +0900] 0:0:0:0:0:0:0:1 "POST /v1/auth/magic-link/request HTTP/1.1" 200 129455
[05/Oct/2025:22:22:16 +0900] 0:0:0:0:0:0:0:1 "POST /v1/auth/magic-link/consume HTTP/1.1" 200 147042
[05/Oct/2025:22:22:28 +0900] 0:0:0:0:0:0:0:1 "GET /v1/auth/csrf HTTP/1.1" 200 17104
[05/Oct/2025:22:22:39 +0900] 0:0:0:0:0:0:0:1 "POST /v1/auth/refresh HTTP/1.1" 200 27355
[05/Oct/2025:22:22:48 +0900] 0:0:0:0:0:0:0:1 "GET /v1/auth/csrf HTTP/1.1" 200 7079
[05/Oct/2025:22:22:57 +0900] 0:0:0:0:0:0:0:1 "POST /v1/posts HTTP/1.1" 200 40625
[05/Oct/2025:22:23:23 +0900] 0:0:0:0:0:0:0:1 "GET /v1/timeline?limit=10 HTTP/1.1" 500 118255
[05/Oct/2025:22:25:52 +0900] 0:0:0:0:0:0:0:1 "POST /v1/auth/magic-link/request HTTP/1.1" 200 134080
[05/Oct/2025:22:26:41 +0900] 0:0:0:0:0:0:0:1 "POST /v1/auth/magic-link/consume HTTP/1.1" 200 130449
[05/Oct/2025:22:26:56 +0900] 0:0:0:0:0:0:0:1 "GET /v1/auth/csrf HTTP/1.1" 200 18973
[05/Oct/2025:22:27:33 +0900] 0:0:0:0:0:0:0:1 "POST /v1/auth/magic-link/consume HTTP/1.1" 400 16986
[05/Oct/2025:22:27:52 +0900] 0:0:0:0:0:0:0:1 "GET /v1/auth/csrf HTTP/1.1" 200 8477
[05/Oct/2025:22:27:59 +0900] 0:0:0:0:0:0:0:1 "POST /v1/auth/refresh HTTP/1.1" 200 30672
[05/Oct/2025:22:28:07 +0900] 0:0:0:0:0:0:0:1 "GET /v1/auth/csrf HTTP/1.1" 200 6929
[05/Oct/2025:22:28:15 +0900] 0:0:0:0:0:0:0:1 "POST /v1/posts HTTP/1.1" 200 39367
[05/Oct/2025:22:28:25 +0900] 0:0:0:0:0:0:0:1 "GET /v1/timeline?limit=10 HTTP/1.1" 200 53725
[05/Oct/2025:22:28:32 +0900] 0:0:0:0:0:0:0:1 "GET /v1/timeline?limit=10 HTTP/1.1" 200 14765
[05/Oct/2025:22:28:57 +0900] 0:0:0:0:0:0:0:1 "GET /v1/timeline?limit=10 HTTP/1.1" 200 14671
[05/Oct/2025:22:31:31 +0900] 0:0:0:0:0:0:0:1 "POST /v1/like?tweetId=5 HTTP/1.1" 404 55812
[05/Oct/2025:22:33:14 +0900] 0:0:0:0:0:0:0:1 "POST /v1/tweets/like?tweetId=5 HTTP/1.1" 404 21803
[05/Oct/2025:22:34:12 +0900] 0:0:0:0:0:0:0:1 "PUT /v1/tweets/null/like HTTP/1.1" 400 52972
[05/Oct/2025:22:35:33 +0900] 0:0:0:0:0:0:0:1 "PUT /v1/tweets/null/like HTTP/1.1" 400 28738
[05/Oct/2025:22:37:56 +0900] 0:0:0:0:0:0:0:1 "GET /v1/auth/csrf HTTP/1.1" 200 17169
[05/Oct/2025:22:38:06 +0900] 0:0:0:0:0:0:0:1 "POST /v1/auth/refresh HTTP/1.1" 401 6658
[05/Oct/2025:22:38:22 +0900] 0:0:0:0:0:0:0:1 "GET /v1/timeline?limit=1 HTTP/1.1" 401 9991
[05/Oct/2025:22:40:14 +0900] 0:0:0:0:0:0:0:1 "POST /v1/auth/magic-link/request HTTP/1.1" 200 29971
[05/Oct/2025:22:40:42 +0900] 0:0:0:0:0:0:0:1 "POST /v1/auth/magic-link/consume HTTP/1.1" 200 23859
[05/Oct/2025:22:40:55 +0900] 0:0:0:0:0:0:0:1 "GET /v1/auth/csrf HTTP/1.1" 200 7916
[05/Oct/2025:22:41:02 +0900] 0:0:0:0:0:0:0:1 "GET /v1/timeline?limit=1 HTTP/1.1" 200 21766
[05/Oct/2025:22:41:08 +0900] 0:0:0:0:0:0:0:1 "GET /v1/timeline?limit=1 HTTP/1.1" 200 12874
[05/Oct/2025:22:41:21 +0900] 0:0:0:0:0:0:0:1 "GET /v1/auth/csrf HTTP/1.1" 200 5259
[05/Oct/2025:22:41:28 +0900] 0:0:0:0:0:0:0:1 "PUT /v1/tweets/5/like HTTP/1.1" 200 26258
[05/Oct/2025:22:42:23 +0900] 0:0:0:0:0:0:0:1 "GET /v1/auth/csrf HTTP/1.1" 200 14614
[05/Oct/2025:22:42:43 +0900] 0:0:0:0:0:0:0:1 "PUT /v1/tweets/5/like HTTP/1.1" 200 12857
[05/Oct/2025:22:43:06 +0900] 0:0:0:0:0:0:0:1 "GET /v1/auth/csrf HTTP/1.1" 200 8532
[05/Oct/2025:22:43:14 +0900] 0:0:0:0:0:0:0:1 "DELETE /v1/tweets/5/like HTTP/1.1" 200 16993
[05/Oct/2025:22:43:29 +0900] 0:0:0:0:0:0:0:1 "GET /v1/timeline?limit=5 HTTP/1.1" 200 16943
[05/Oct/2025:22:45:03 +0900] 0:0:0:0:0:0:0:1 "GET /v1/timeline?limit=1 HTTP/1.1" 200 38079
[05/Oct/2025:22:45:21 +0900] 0:0:0:0:0:0:0:1 "GET /v1/auth/csrf HTTP/1.1" 200 7202
[05/Oct/2025:22:45:34 +0900] 0:0:0:0:0:0:0:1 "POST /v1/tweets/5/repost HTTP/1.1" 405 19278
[05/Oct/2025:22:47:29 +0900] 0:0:0:0:0:0:0:1 "POST /v1/auth/refresh HTTP/1.1" 401 26589
[05/Oct/2025:22:48:41 +0900] 0:0:0:0:0:0:0:1 "GET /v1/auth/csrf HTTP/1.1" 200 15909
[05/Oct/2025:22:48:52 +0900] 0:0:0:0:0:0:0:1 "POST /v1/auth/refresh HTTP/1.1" 200 21296
[05/Oct/2025:22:49:32 +0900] 0:0:0:0:0:0:0:1 "GET /v1/auth/csrf HTTP/1.1" 200 4986
[05/Oct/2025:22:49:42 +0900] 0:0:0:0:0:0:0:1 "POST /v1/tweets/5/repost HTTP/1.1" 405 10914
[05/Oct/2025:22:50:58 +0900] 0:0:0:0:0:0:0:1 "PUT /v1/tweets/5/repost HTTP/1.1" 500 35374
[05/Oct/2025:22:58:49 +0900] 0:0:0:0:0:0:0:1 "POST /v1/auth/magic-link/request HTTP/1.1" 200 127250
[05/Oct/2025:22:59:23 +0900] 0:0:0:0:0:0:0:1 "POST /v1/auth/magic-link/consume HTTP/1.1" 200 148891
[05/Oct/2025:23:00:21 +0900] 0:0:0:0:0:0:0:1 "GET /v1/auth/csrf HTTP/1.1" 200 16957
[05/Oct/2025:23:00:29 +0900] 0:0:0:0:0:0:0:1 "PUT /v1/tweets/5/repost HTTP/1.1" 200 42576
[05/Oct/2025:23:00:43 +0900] 0:0:0:0:0:0:0:1 "DELETE /v1/tweets/5/repost HTTP/1.1" 200 13665
[05/Oct/2025:23:01:30 +0900] 0:0:0:0:0:0:0:1 "POST /v1/tweets/5/reply HTTP/1.1" 200 64167
[05/Oct/2025:23:03:27 +0900] 0:0:0:0:0:0:0:1 "DELETE /v1/tweets/6/delete HTTP/1.1" 500 126004
[05/Oct/2025:23:07:15 +0900] 0:0:0:0:0:0:0:1 "POST /v1/auth/magic-link/request HTTP/1.1" 200 126423
[05/Oct/2025:23:07:51 +0900] 0:0:0:0:0:0:0:1 "POST /v1/auth/magic-link/consume HTTP/1.1" 200 136258
[05/Oct/2025:23:08:21 +0900] 0:0:0:0:0:0:0:1 "GET /v1/auth/csrf HTTP/1.1" 200 16878
[05/Oct/2025:23:08:34 +0900] 0:0:0:0:0:0:0:1 "DELETE /v1/tweets/6/delete HTTP/1.1" 200 55148
