[06/Oct/2025:09:14:44 +0900] 0:0:0:0:0:0:0:1 "GET /v1/auth/signup HTTP/1.1" 401 68997
[06/Oct/2025:09:16:54 +0900] 0:0:0:0:0:0:0:1 "POST /v1/auth/signup HTTP/1.1" 202 844731
[06/Oct/2025:09:23:29 +0900] 0:0:0:0:0:0:0:1 "POST /v1/auth/signup HTTP/1.1" 202 328116
[06/Oct/2025:09:27:07 +0900] 0:0:0:0:0:0:0:1 "POST /v1/auth/verify HTTP/1.1" 200 89490
[06/Oct/2025:09:29:43 +0900] 0:0:0:0:0:0:0:1 "POST /v1/auth/magic-link/request HTTP/1.1" 200 14028
[06/Oct/2025:09:32:02 +0900] 0:0:0:0:0:0:0:1 "POST /v1/auth/signup HTTP/1.1" 202 539630
[06/Oct/2025:09:32:38 +0900] 0:0:0:0:0:0:0:1 "POST /v1/auth/verify HTTP/1.1" 200 38901
[06/Oct/2025:09:43:18 +0900] 0:0:0:0:0:0:0:1 "POST /v1/auth/magic-link/request HTTP/1.1" 200 27750
[06/Oct/2025:09:44:08 +0900] 0:0:0:0:0:0:0:1 "POST /v1/auth/magic-link/request HTTP/1.1" 200 16311
[06/Oct/2025:09:44:48 +0900] 0:0:0:0:0:0:0:1 "POST /v1/auth/magic-link/consume HTTP/1.1" 200 84950
[06/Oct/2025:09:52:16 +0900] 0:0:0:0:0:0:0:1 "POST /v1/auth/magic-link/consume HTTP/1.1" 400 34291
[06/Oct/2025:09:53:46 +0900] 0:0:0:0:0:0:0:1 "POST /v1/auth/magic-link/consume HTTP/1.1" 400 32794
[06/Oct/2025:09:53:56 +0900] 0:0:0:0:0:0:0:1 "POST /v1/auth/magic-link/consume HTTP/1.1" 400 11383
[06/Oct/2025:09:55:49 +0900] 0:0:0:0:0:0:0:1 "POST /v1/auth/magic-link/request HTTP/1.1" 200 19393
[06/Oct/2025:09:58:18 +0900] 0:0:0:0:0:0:0:1 "POST /v1/auth/magic-link/consume HTTP/1.1" 200 39961
[06/Oct/2025:09:58:49 +0900] 0:0:0:0:0:0:0:1 "GET /v1/auth/csrf HTTP/1.1" 200 24549
[06/Oct/2025:09:58:58 +0900] 0:0:0:0:0:0:0:1 "PUT /v1/users/3/follow HTTP/1.1" 200 37514
[06/Oct/2025:09:59:09 +0900] 0:0:0:0:0:0:0:1 "GET /v1/users/3/followers HTTP/1.1" 401 11811
[06/Oct/2025:09:59:23 +0900] 0:0:0:0:0:0:0:1 "GET /v1/user/2/following HTTP/1.1" 404 28270
[06/Oct/2025:09:59:44 +0900] 0:0:0:0:0:0:0:1 "DELETE /v1/user/3/follow HTTP/1.1" 404 12127
[06/Oct/2025:10:06:05 +0900] 0:0:0:0:0:0:0:1 "GET /v1/auth/csrf HTTP/1.1" 200 14113
[06/Oct/2025:10:06:14 +0900] 0:0:0:0:0:0:0:1 "PUT /v1/users/3/follow HTTP/1.1" 200 19728
[06/Oct/2025:10:06:33 +0900] 0:0:0:0:0:0:0:1 "GET /v1/users/3/followers HTTP/1.1" 401 6079
[06/Oct/2025:10:07:55 +0900] 0:0:0:0:0:0:0:1 "GET /v1/users/3/followers HTTP/1.1" 500 121979
[06/Oct/2025:10:08:07 +0900] 0:0:0:0:0:0:0:1 "GET /v1/users/2/following HTTP/1.1" 500 15459
[06/Oct/2025:10:08:15 +0900] 0:0:0:0:0:0:0:1 "DELETE /v1/users/3/follow HTTP/1.1" 200 12712
[06/Oct/2025:10:16:13 +0900] 0:0:0:0:0:0:0:1 "POST /v1/auth/magic-link/request HTTP/1.1" 200 120285
[06/Oct/2025:10:17:46 +0900] 0:0:0:0:0:0:0:1 "POST /v1/auth/magic-link/consume HTTP/1.1" 400 51750
[06/Oct/2025:10:18:56 +0900] 0:0:0:0:0:0:0:1 "POST /v1/auth/magic-link/consume HTTP/1.1" 200 80686
[06/Oct/2025:10:19:33 +0900] 0:0:0:0:0:0:0:1 "GET /v1/auth/csrf HTTP/1.1" 200 18048
[06/Oct/2025:10:19:39 +0900] 0:0:0:0:0:0:0:1 "PUT /v1/users/3/follow HTTP/1.1" 200 31648
[06/Oct/2025:10:19:46 +0900] 0:0:0:0:0:0:0:1 "GET /v1/users/3/followers HTTP/1.1" 401 12274
[06/Oct/2025:10:19:58 +0900] 0:0:0:0:0:0:0:1 "GET /v1/users/2/following HTTP/1.1" 500 42254
[06/Oct/2025:10:24:36 +0900] 0:0:0:0:0:0:0:1 "POST /v1/auth/magic-link/request HTTP/1.1" 200 122034
[06/Oct/2025:10:25:24 +0900] 0:0:0:0:0:0:0:1 "POST /v1/auth/magic-link/consume HTTP/1.1" 200 94362
[06/Oct/2025:10:25:37 +0900] 0:0:0:0:0:0:0:1 "GET /v1/auth/csrf HTTP/1.1" 200 19073
[06/Oct/2025:10:25:50 +0900] 0:0:0:0:0:0:0:1 "PUT /v1/users/3/follow HTTP/1.1" 200 28965
[06/Oct/2025:10:25:59 +0900] 0:0:0:0:0:0:0:1 "GET /v1/users/3/followers HTTP/1.1" 401 11780
[06/Oct/2025:10:26:21 +0900] 0:0:0:0:0:0:0:1 "GET /v1/users/2/following HTTP/1.1" 500 38674
[06/Oct/2025:10:27:18 +0900] 0:0:0:0:0:0:0:1 "POST /v1/auth/magic-link/request HTTP/1.1" 200 121561
[06/Oct/2025:10:28:56 +0900] 0:0:0:0:0:0:0:1 "POST /v1/auth/magic-link/consume HTTP/1.1" 200 94519
[06/Oct/2025:10:29:07 +0900] 0:0:0:0:0:0:0:1 "PUT /v1/users/3/follow HTTP/1.1" 200 28237
[06/Oct/2025:10:29:15 +0900] 0:0:0:0:0:0:0:1 "GET /v1/users/2/following HTTP/1.1" 200 28252
[06/Oct/2025:10:29:48 +0900] 0:0:0:0:0:0:0:1 "GET /v1/users/3/followers HTTP/1.1" 401 10857
[06/Oct/2025:10:48:20 +0900] 0:0:0:0:0:0:0:1 "GET /v1/users/3/followers HTTP/1.1" 401 33572
[06/Oct/2025:10:48:44 +0900] 0:0:0:0:0:0:0:1 "POST /v1/auth/magic-link/request HTTP/1.1" 200 41672
[06/Oct/2025:10:49:20 +0900] 0:0:0:0:0:0:0:1 "POST /v1/auth/magic-link/consume HTTP/1.1" 200 18560
[06/Oct/2025:10:49:34 +0900] 0:0:0:0:0:0:0:1 "GET /v1/users/3/followers HTTP/1.1" 401 5471
[06/Oct/2025:10:49:51 +0900] 0:0:0:0:0:0:0:1 "GET /v1/users/3/followers HTTP/1.1" 200 14663
[06/Oct/2025:13:51:23 +0900] 0:0:0:0:0:0:0:1 "HEAD /v3/api-docs HTTP/1.1" 401 54745
[06/Oct/2025:13:53:09 +0900] 0:0:0:0:0:0:0:1 "HEAD /v3/api-docs HTTP/1.1" 200 292803
[06/Oct/2025:13:54:25 +0900] 0:0:0:0:0:0:0:1 "-" 400 0
[06/Oct/2025:13:54:25 +0900] 0:0:0:0:0:0:0:1 "-" 400 0
[06/Oct/2025:13:54:35 +0900] 0:0:0:0:0:0:0:1 "GET /swagger-ui/index.html HTTP/1.1" 200 19080
[06/Oct/2025:13:54:35 +0900] 0:0:0:0:0:0:0:1 "GET /swagger-ui/swagger-ui.css HTTP/1.1" 200 43006
[06/Oct/2025:13:54:35 +0900] 0:0:0:0:0:0:0:1 "GET /swagger-ui/index.css HTTP/1.1" 200 7287
[06/Oct/2025:13:54:35 +0900] 0:0:0:0:0:0:0:1 "GET /swagger-ui/swagger-initializer.js HTTP/1.1" 200 16872
[06/Oct/2025:13:54:35 +0900] 0:0:0:0:0:0:0:1 "GET /swagger-ui/swagger-ui-standalone-preset.js HTTP/1.1" 200 31301
[06/Oct/2025:13:54:35 +0900] 0:0:0:0:0:0:0:1 "GET /swagger-ui/swagger-ui-bundle.js HTTP/1.1" 200 63997
[06/Oct/2025:13:54:35 +0900] 0:0:0:0:0:0:0:1 "GET /v3/api-docs/swagger-config HTTP/1.1" 200 9319
[06/Oct/2025:13:54:35 +0900] 0:0:0:0:0:0:0:1 "GET /swagger-ui/favicon-16x16.png HTTP/1.1" 200 13362
[06/Oct/2025:13:54:35 +0900] 0:0:0:0:0:0:0:1 "GET /swagger-ui/favicon-32x32.png HTTP/1.1" 200 15529
[06/Oct/2025:13:54:35 +0900] 0:0:0:0:0:0:0:1 "-" 400 0
[06/Oct/2025:13:54:35 +0900] 0:0:0:0:0:0:0:1 "-" 400 0
[06/Oct/2025:13:54:35 +0900] 0:0:0:0:0:0:0:1 "GET /v3/api-docs HTTP/1.1" 200 139818
[06/Oct/2025:13:55:13 +0900] 0:0:0:0:0:0:0:1 "GET /v3/api-docs HTTP/1.1" 200 14704
[06/Oct/2025:13:59:25 +0900] 0:0:0:0:0:0:0:1 "GET /v3/api-docs HTTP/1.1" 200 39967
