[13/Oct/2025:16:56:11 +0900] 0:0:0:0:0:0:0:1 "GET /media/undefined HTTP/1.1" 401 115726
[13/Oct/2025:16:56:11 +0900] 0:0:0:0:0:0:0:1 "GET /media/undefined HTTP/1.1" 401 5527
[13/Oct/2025:16:56:11 +0900] 0:0:0:0:0:0:0:1 "GET /media/undefined HTTP/1.1" 401 5203
[13/Oct/2025:16:56:49 +0900] 0:0:0:0:0:0:0:1 "GET /v1/auth/csrf HTTP/1.1" 200 91844
[13/Oct/2025:16:57:24 +0900] 0:0:0:0:0:0:0:1 "OPTIONS /v1/auth/magic-link/request HTTP/1.1" 200 15969
[13/Oct/2025:16:57:24 +0900] 0:0:0:0:0:0:0:1 "POST /v1/auth/magic-link/request HTTP/1.1" 200 122740
[13/Oct/2025:16:57:43 +0900] 0:0:0:0:0:0:0:1 "OPTIONS /v1/auth/magic-link/consume HTTP/1.1" 200 16278
[13/Oct/2025:16:57:43 +0900] 0:0:0:0:0:0:0:1 "POST /v1/auth/magic-link/consume HTTP/1.1" 200 201984
[13/Oct/2025:16:57:52 +0900] 0:0:0:0:0:0:0:1 "OPTIONS /v1/tweets/popular?limit=30&day_count=15 HTTP/1.1" 200 7975
[13/Oct/2025:16:57:53 +0900] 0:0:0:0:0:0:0:1 "GET /v1/tweets/popular?limit=30&day_count=15 HTTP/1.1" 200 80204
[13/Oct/2025:16:57:53 +0900] 0:0:0:0:0:0:0:1 "GET /media/undefined HTTP/1.1" 401 4937
[13/Oct/2025:16:58:25 +0900] 0:0:0:0:0:0:0:1 "OPTIONS /v1/users/1/tweets?limit=30 HTTP/1.1" 200 15929
[13/Oct/2025:16:58:25 +0900] 0:0:0:0:0:0:0:1 "GET /media/undefined HTTP/1.1" 401 3283
[13/Oct/2025:16:58:25 +0900] 0:0:0:0:0:0:0:1 "GET /v1/users/1/tweets?limit=30 HTTP/1.1" 200 66684
[13/Oct/2025:16:58:25 +0900] 0:0:0:0:0:0:0:1 "GET /media/undefined HTTP/1.1" 401 4221
[13/Oct/2025:17:02:36 +0900] 0:0:0:0:0:0:0:1 "OPTIONS /v1/users/1/tweets?limit=30 HTTP/1.1" 200 8183
[13/Oct/2025:17:02:36 +0900] 0:0:0:0:0:0:0:1 "GET /media/undefined HTTP/1.1" 401 6462
[13/Oct/2025:17:02:36 +0900] 0:0:0:0:0:0:0:1 "GET /v1/users/1/tweets?limit=30 HTTP/1.1" 200 39420
[13/Oct/2025:17:02:36 +0900] 0:0:0:0:0:0:0:1 "GET /media/undefined HTTP/1.1" 401 8937
[13/Oct/2025:17:09:01 +0900] 0:0:0:0:0:0:0:1 "OPTIONS /v1/auth/magic-link/request HTTP/1.1" 200 57063
[13/Oct/2025:17:09:02 +0900] 0:0:0:0:0:0:0:1 "POST /v1/auth/magic-link/request HTTP/1.1" 200 88243
[13/Oct/2025:17:09:18 +0900] 0:0:0:0:0:0:0:1 "OPTIONS /v1/auth/magic-link/consume HTTP/1.1" 200 14172
[13/Oct/2025:17:09:18 +0900] 0:0:0:0:0:0:0:1 "POST /v1/auth/magic-link/consume HTTP/1.1" 200 134638
[13/Oct/2025:17:09:24 +0900] 0:0:0:0:0:0:0:1 "GET /media/undefined HTTP/1.1" 401 27789
[13/Oct/2025:17:09:35 +0900] 0:0:0:0:0:0:0:1 "OPTIONS /v1/tweets/popular?limit=30&day_count=15 HTTP/1.1" 200 7279
[13/Oct/2025:17:09:35 +0900] 0:0:0:0:0:0:0:1 "GET /media/undefined HTTP/1.1" 401 5124
[13/Oct/2025:17:09:35 +0900] 0:0:0:0:0:0:0:1 "GET /v1/tweets/popular?limit=30&day_count=15 HTTP/1.1" 200 84323
[13/Oct/2025:17:09:35 +0900] 0:0:0:0:0:0:0:1 "GET /media/undefined HTTP/1.1" 401 4115
[13/Oct/2025:17:09:48 +0900] 0:0:0:0:0:0:0:1 "OPTIONS /v1/tweets/popular?limit=30&day_count=15 HTTP/1.1" 200 4666
[13/Oct/2025:17:09:48 +0900] 0:0:0:0:0:0:0:1 "GET /media/undefined HTTP/1.1" 401 4995
[13/Oct/2025:17:09:48 +0900] 0:0:0:0:0:0:0:1 "GET /v1/tweets/popular?limit=30&day_count=15 HTTP/1.1" 200 24308
[13/Oct/2025:17:09:48 +0900] 0:0:0:0:0:0:0:1 "GET /media/undefined HTTP/1.1" 401 13989
[13/Oct/2025:17:54:51 +0900] 0:0:0:0:0:0:0:1 "OPTIONS /v1/auth/magic-link/request HTTP/1.1" 200 98614
[13/Oct/2025:17:54:51 +0900] 0:0:0:0:0:0:0:1 "POST /v1/auth/magic-link/request HTTP/1.1" 200 125027
[13/Oct/2025:17:55:28 +0900] 0:0:0:0:0:0:0:1 "OPTIONS /v1/auth/magic-link/consume HTTP/1.1" 200 10434
[13/Oct/2025:17:55:28 +0900] 0:0:0:0:0:0:0:1 "POST /v1/auth/magic-link/consume HTTP/1.1" 200 147364
[13/Oct/2025:17:55:51 +0900] 0:0:0:0:0:0:0:1 "OPTIONS /v1/tweets/popular?limit=30&day_count=15 HTTP/1.1" 200 9646
[13/Oct/2025:17:55:52 +0900] 0:0:0:0:0:0:0:1 "GET /v1/tweets/popular?limit=30&day_count=15 HTTP/1.1" 200 129633
[13/Oct/2025:17:55:52 +0900] 0:0:0:0:0:0:0:1 "OPTIONS /media/undefined HTTP/1.1" 200 4243
[13/Oct/2025:17:55:52 +0900] 0:0:0:0:0:0:0:1 "OPTIONS /media/undefined HTTP/1.1" 200 2384
[13/Oct/2025:17:55:52 +0900] 0:0:0:0:0:0:0:1 "GET /media/undefined HTTP/1.1" 404 30406
[13/Oct/2025:17:55:52 +0900] 0:0:0:0:0:0:0:1 "OPTIONS /media/undefined HTTP/1.1" 200 4127
[13/Oct/2025:17:55:52 +0900] 0:0:0:0:0:0:0:1 "GET /media/undefined HTTP/1.1" 404 26005
[13/Oct/2025:17:55:52 +0900] 0:0:0:0:0:0:0:1 "GET /media/undefined HTTP/1.1" 404 19911
[13/Oct/2025:17:55:52 +0900] 0:0:0:0:0:0:0:1 "GET /media/undefined HTTP/1.1" 404 29267
[13/Oct/2025:17:58:01 +0900] 0:0:0:0:0:0:0:1 "OPTIONS /media/8d8011a1-914d-4da4-8303-214a7c4677ed_tweet_24_0.jpg HTTP/1.1" 200 9914
[13/Oct/2025:17:58:01 +0900] 0:0:0:0:0:0:0:1 "OPTIONS /media/cd6b73f9-dd77-49d8-bb7a-190af0a8670c_tweet_25_0.png HTTP/1.1" 200 41116
[13/Oct/2025:17:58:01 +0900] 0:0:0:0:0:0:0:1 "OPTIONS /media/cd6b73f9-dd77-49d8-bb7a-190af0a8670c_tweet_25_0.png HTTP/1.1" 200 44861
[13/Oct/2025:17:58:01 +0900] 0:0:0:0:0:0:0:1 "OPTIONS /media/8d8011a1-914d-4da4-8303-214a7c4677ed_tweet_24_0.jpg HTTP/1.1" 200 46081
[13/Oct/2025:17:58:01 +0900] 0:0:0:0:0:0:0:1 "GET /media/8d8011a1-914d-4da4-8303-214a7c4677ed_tweet_24_0.jpg HTTP/1.1" 200 33164
[13/Oct/2025:17:58:01 +0900] 0:0:0:0:0:0:0:1 "GET /media/8d8011a1-914d-4da4-8303-214a7c4677ed_tweet_24_0.jpg HTTP/1.1" 200 33960
[13/Oct/2025:17:58:01 +0900] 0:0:0:0:0:0:0:1 "GET /media/cd6b73f9-dd77-49d8-bb7a-190af0a8670c_tweet_25_0.png HTTP/1.1" 200 75657
[13/Oct/2025:17:58:01 +0900] 0:0:0:0:0:0:0:1 "GET /media/cd6b73f9-dd77-49d8-bb7a-190af0a8670c_tweet_25_0.png HTTP/1.1" 200 76072
[13/Oct/2025:17:58:01 +0900] 0:0:0:0:0:0:0:1 "GET /media/8d8011a1-914d-4da4-8303-214a7c4677ed_tweet_24_0.jpg HTTP/1.1" 200 13968
[13/Oct/2025:17:58:01 +0900] 0:0:0:0:0:0:0:1 "GET /media/8d8011a1-914d-4da4-8303-214a7c4677ed_tweet_24_0.jpg HTTP/1.1" 200 16759
[13/Oct/2025:17:58:02 +0900] 0:0:0:0:0:0:0:1 "GET /media/cd6b73f9-dd77-49d8-bb7a-190af0a8670c_tweet_25_0.png HTTP/1.1" 200 39203
[13/Oct/2025:17:58:02 +0900] 0:0:0:0:0:0:0:1 "GET /media/cd6b73f9-dd77-49d8-bb7a-190af0a8670c_tweet_25_0.png HTTP/1.1" 200 44756
[13/Oct/2025:17:58:27 +0900] 0:0:0:0:0:0:0:1 "OPTIONS /media/undefined HTTP/1.1" 200 8414
[13/Oct/2025:17:58:27 +0900] 0:0:0:0:0:0:0:1 "OPTIONS /media/undefined HTTP/1.1" 200 4218
[13/Oct/2025:17:58:27 +0900] 0:0:0:0:0:0:0:1 "OPTIONS /media/undefined HTTP/1.1" 200 8918
[13/Oct/2025:17:58:27 +0900] 0:0:0:0:0:0:0:1 "OPTIONS /media/undefined HTTP/1.1" 200 4785
[13/Oct/2025:17:58:27 +0900] 0:0:0:0:0:0:0:1 "GET /media/undefined HTTP/1.1" 404 11482
[13/Oct/2025:17:58:27 +0900] 0:0:0:0:0:0:0:1 "GET /media/undefined HTTP/1.1" 404 6384
[13/Oct/2025:17:58:27 +0900] 0:0:0:0:0:0:0:1 "GET /media/undefined HTTP/1.1" 404 7635
[13/Oct/2025:17:58:27 +0900] 0:0:0:0:0:0:0:1 "GET /media/undefined HTTP/1.1" 404 12053
[13/Oct/2025:17:58:28 +0900] 0:0:0:0:0:0:0:1 "GET /media/undefined HTTP/1.1" 404 74278
[13/Oct/2025:17:58:28 +0900] 0:0:0:0:0:0:0:1 "GET /media/undefined HTTP/1.1" 404 87811
[13/Oct/2025:17:58:28 +0900] 0:0:0:0:0:0:0:1 "GET /media/undefined HTTP/1.1" 404 50721
[13/Oct/2025:17:58:28 +0900] 0:0:0:0:0:0:0:1 "GET /media/undefined HTTP/1.1" 404 80080
[13/Oct/2025:17:59:13 +0900] 0:0:0:0:0:0:0:1 "OPTIONS /media/8d8011a1-914d-4da4-8303-214a7c4677ed_tweet_24_0.jpg HTTP/1.1" 200 3970
[13/Oct/2025:17:59:13 +0900] 0:0:0:0:0:0:0:1 "OPTIONS /media/cd6b73f9-dd77-49d8-bb7a-190af0a8670c_tweet_25_0.png HTTP/1.1" 200 9786
[13/Oct/2025:17:59:13 +0900] 0:0:0:0:0:0:0:1 "OPTIONS /media/cd6b73f9-dd77-49d8-bb7a-190af0a8670c_tweet_25_0.png HTTP/1.1" 200 8612
[13/Oct/2025:17:59:13 +0900] 0:0:0:0:0:0:0:1 "OPTIONS /media/8d8011a1-914d-4da4-8303-214a7c4677ed_tweet_24_0.jpg HTTP/1.1" 200 2925
[13/Oct/2025:17:59:13 +0900] 0:0:0:0:0:0:0:1 "GET /media/8d8011a1-914d-4da4-8303-214a7c4677ed_tweet_24_0.jpg HTTP/1.1" 200 10718
[13/Oct/2025:17:59:13 +0900] 0:0:0:0:0:0:0:1 "GET /media/8d8011a1-914d-4da4-8303-214a7c4677ed_tweet_24_0.jpg HTTP/1.1" 200 14919
[13/Oct/2025:17:59:13 +0900] 0:0:0:0:0:0:0:1 "GET /media/cd6b73f9-dd77-49d8-bb7a-190af0a8670c_tweet_25_0.png HTTP/1.1" 200 41764
[13/Oct/2025:17:59:13 +0900] 0:0:0:0:0:0:0:1 "GET /media/cd6b73f9-dd77-49d8-bb7a-190af0a8670c_tweet_25_0.png HTTP/1.1" 200 43793
[13/Oct/2025:17:59:13 +0900] 0:0:0:0:0:0:0:1 "GET /media/8d8011a1-914d-4da4-8303-214a7c4677ed_tweet_24_0.jpg HTTP/1.1" 200 23981
[13/Oct/2025:17:59:13 +0900] 0:0:0:0:0:0:0:1 "GET /media/8d8011a1-914d-4da4-8303-214a7c4677ed_tweet_24_0.jpg HTTP/1.1" 200 30282
[13/Oct/2025:17:59:13 +0900] 0:0:0:0:0:0:0:1 "GET /media/cd6b73f9-dd77-49d8-bb7a-190af0a8670c_tweet_25_0.png HTTP/1.1" 200 67183
[13/Oct/2025:17:59:13 +0900] 0:0:0:0:0:0:0:1 "GET /media/cd6b73f9-dd77-49d8-bb7a-190af0a8670c_tweet_25_0.png HTTP/1.1" 200 65704
