[11/Oct/2025:11:57:04 +0900] 0:0:0:0:0:0:0:1 "-" 400 0
[11/Oct/2025:11:59:22 +0900] 0:0:0:0:0:0:0:1 "-" 400 0
[11/Oct/2025:11:59:22 +0900] 0:0:0:0:0:0:0:1 "-" 400 0
[11/Oct/2025:11:59:32 +0900] 0:0:0:0:0:0:0:1 "GET / HTTP/1.1" 401 65232
[11/Oct/2025:12:01:24 +0900] 0:0:0:0:0:0:0:1 "-" 400 0
[11/Oct/2025:12:01:24 +0900] 0:0:0:0:0:0:0:1 "GET / HTTP/1.1" 401 9369
[11/Oct/2025:12:01:37 +0900] 0:0:0:0:0:0:0:1 "GET / HTTP/1.1" 401 9494
[11/Oct/2025:12:03:32 +0900] 0:0:0:0:0:0:0:1 "OPTIONS /v1/auth/magic-link/request HTTP/1.1" 200 38818
[11/Oct/2025:12:03:32 +0900] 0:0:0:0:0:0:0:1 "POST /v1/auth/magic-link/request HTTP/1.1" 200 104709
[11/Oct/2025:12:03:58 +0900] 0:0:0:0:0:0:0:1 "OPTIONS /v1/auth/magic-link/consume HTTP/1.1" 200 13549
[11/Oct/2025:12:03:58 +0900] 0:0:0:0:0:0:0:1 "POST /v1/auth/magic-link/consume HTTP/1.1" 200 118007
[11/Oct/2025:12:04:37 +0900] 0:0:0:0:0:0:0:1 "GET /actuator/health HTTP/1.1" 503 252208
[11/Oct/2025:12:04:37 +0900] 0:0:0:0:0:0:0:1 "OPTIONS /v1/posts HTTP/1.1" 200 3426
[11/Oct/2025:12:04:38 +0900] 0:0:0:0:0:0:0:1 "POST /v1/posts HTTP/1.1" 500 208245
[11/Oct/2025:12:15:44 +0900] 0:0:0:0:0:0:0:1 "GET /actuator/health HTTP/1.1" 503 25546
[11/Oct/2025:12:15:44 +0900] 0:0:0:0:0:0:0:1 "OPTIONS /v1/posts HTTP/1.1" 200 3953
[11/Oct/2025:12:15:44 +0900] 0:0:0:0:0:0:0:1 "POST /v1/posts HTTP/1.1" 500 55186
[11/Oct/2025:12:24:34 +0900] 0:0:0:0:0:0:0:1 "GET /v1/auth/csrf HTTP/1.1" 500 41108
[11/Oct/2025:12:24:34 +0900] 0:0:0:0:0:0:0:1 "OPTIONS /v1/posts HTTP/1.1" 200 4532
[11/Oct/2025:12:24:34 +0900] 0:0:0:0:0:0:0:1 "POST /v1/posts HTTP/1.1" 401 9650
[11/Oct/2025:12:25:38 +0900] 0:0:0:0:0:0:0:1 "OPTIONS /v1/auth/magic-link/request HTTP/1.1" 200 12239
[11/Oct/2025:12:25:38 +0900] 0:0:0:0:0:0:0:1 "POST /v1/auth/magic-link/request HTTP/1.1" 200 30326
[11/Oct/2025:12:25:53 +0900] 0:0:0:0:0:0:0:1 "OPTIONS /v1/auth/magic-link/consume HTTP/1.1" 200 6187
[11/Oct/2025:12:25:53 +0900] 0:0:0:0:0:0:0:1 "POST /v1/auth/magic-link/consume HTTP/1.1" 200 21213
[11/Oct/2025:12:26:07 +0900] 0:0:0:0:0:0:0:1 "GET /v1/auth/csrf HTTP/1.1" 500 14516
[11/Oct/2025:12:26:07 +0900] 0:0:0:0:0:0:0:1 "OPTIONS /v1/posts HTTP/1.1" 200 3381
[11/Oct/2025:12:26:07 +0900] 0:0:0:0:0:0:0:1 "POST /v1/posts HTTP/1.1" 500 45894
[11/Oct/2025:12:43:54 +0900] 0:0:0:0:0:0:0:1 "OPTIONS /v1/auth/magic-link/request HTTP/1.1" 200 13250
[11/Oct/2025:12:43:54 +0900] 0:0:0:0:0:0:0:1 "POST /v1/auth/magic-link/request HTTP/1.1" 200 21214
[11/Oct/2025:12:44:15 +0900] 0:0:0:0:0:0:0:1 "OPTIONS /v1/auth/magic-link/consume HTTP/1.1" 200 7274
[11/Oct/2025:12:44:15 +0900] 0:0:0:0:0:0:0:1 "POST /v1/auth/magic-link/consume HTTP/1.1" 200 19097
[11/Oct/2025:12:44:44 +0900] 0:0:0:0:0:0:0:1 "GET /v1/auth/csrf HTTP/1.1" 500 28969
[11/Oct/2025:12:44:44 +0900] 0:0:0:0:0:0:0:1 "OPTIONS /v1/posts HTTP/1.1" 200 3024
[11/Oct/2025:12:44:44 +0900] 0:0:0:0:0:0:0:1 "POST /v1/posts HTTP/1.1" 500 38727
[11/Oct/2025:12:46:06 +0900] 0:0:0:0:0:0:0:1 "GET /v1/auth/csrf HTTP/1.1" 500 18051
[11/Oct/2025:12:46:06 +0900] 0:0:0:0:0:0:0:1 "OPTIONS /v1/posts HTTP/1.1" 200 2264
[11/Oct/2025:12:46:06 +0900] 0:0:0:0:0:0:0:1 "POST /v1/posts HTTP/1.1" 500 32007
[11/Oct/2025:12:51:27 +0900] 0:0:0:0:0:0:0:1 "GET /v1/auth/csrf HTTP/1.1" 500 16248
[11/Oct/2025:12:51:52 +0900] 0:0:0:0:0:0:0:1 "GET /v1/auth/csrf HTTP/1.1" 500 11961
[11/Oct/2025:13:21:26 +0900] 0:0:0:0:0:0:0:1 "GET /v1/auth/csrf HTTP/1.1" 200 81718
[11/Oct/2025:13:21:40 +0900] 0:0:0:0:0:0:0:1 "OPTIONS /v1/auth/magic-link/request HTTP/1.1" 200 16177
[11/Oct/2025:13:21:40 +0900] 0:0:0:0:0:0:0:1 "POST /v1/auth/magic-link/request HTTP/1.1" 200 70410
[11/Oct/2025:13:21:55 +0900] 0:0:0:0:0:0:0:1 "OPTIONS /v1/auth/magic-link/consume HTTP/1.1" 200 11856
[11/Oct/2025:13:21:55 +0900] 0:0:0:0:0:0:0:1 "POST /v1/auth/magic-link/consume HTTP/1.1" 200 152025
[11/Oct/2025:13:22:44 +0900] 0:0:0:0:0:0:0:1 "GET /v1/auth/csrf HTTP/1.1" 200 16259
[11/Oct/2025:13:22:44 +0900] 0:0:0:0:0:0:0:1 "OPTIONS /v1/posts HTTP/1.1" 200 3815
[11/Oct/2025:13:22:44 +0900] 0:0:0:0:0:0:0:1 "POST /v1/posts HTTP/1.1" 500 120016
[11/Oct/2025:13:23:16 +0900] 0:0:0:0:0:0:0:1 "GET /v1/auth/csrf HTTP/1.1" 200 8799
[11/Oct/2025:13:23:16 +0900] 0:0:0:0:0:0:0:1 "OPTIONS /v1/posts HTTP/1.1" 200 3340
[11/Oct/2025:13:23:16 +0900] 0:0:0:0:0:0:0:1 "POST /v1/posts HTTP/1.1" 500 57670
[11/Oct/2025:13:33:36 +0900] 0:0:0:0:0:0:0:1 "GET /v1/auth/csrf HTTP/1.1" 200 14057
[11/Oct/2025:13:33:36 +0900] 0:0:0:0:0:0:0:1 "OPTIONS /v1/posts HTTP/1.1" 200 2669
[11/Oct/2025:13:33:36 +0900] 0:0:0:0:0:0:0:1 "POST /v1/posts HTTP/1.1" 500 37887
[11/Oct/2025:13:34:46 +0900] 0:0:0:0:0:0:0:1 "GET /v1/auth/csrf HTTP/1.1" 200 32024
[11/Oct/2025:13:34:46 +0900] 0:0:0:0:0:0:0:1 "OPTIONS /v1/posts HTTP/1.1" 200 3279
[11/Oct/2025:13:34:46 +0900] 0:0:0:0:0:0:0:1 "POST /v1/posts HTTP/1.1" 500 54163
[11/Oct/2025:13:47:53 +0900] 0:0:0:0:0:0:0:1 "OPTIONS /v1/auth/magic-link/request HTTP/1.1" 200 20695
[11/Oct/2025:13:47:53 +0900] 0:0:0:0:0:0:0:1 "POST /v1/auth/magic-link/request HTTP/1.1" 200 16028
[11/Oct/2025:13:48:21 +0900] 0:0:0:0:0:0:0:1 "OPTIONS /v1/auth/magic-link/consume HTTP/1.1" 200 15865
[11/Oct/2025:13:48:21 +0900] 0:0:0:0:0:0:0:1 "POST /v1/auth/magic-link/consume HTTP/1.1" 200 55043
[11/Oct/2025:13:48:53 +0900] 0:0:0:0:0:0:0:1 "GET /v1/users/2/following HTTP/1.1" 401 7354
[11/Oct/2025:13:48:53 +0900] 0:0:0:0:0:0:0:1 "GET /v1/users/3/followers HTTP/1.1" 401 47865
[11/Oct/2025:13:49:02 +0900] 0:0:0:0:0:0:0:1 "GET /v1/auth/csrf HTTP/1.1" 200 16456
[11/Oct/2025:13:49:02 +0900] 0:0:0:0:0:0:0:1 "OPTIONS /v1/users/3/follow HTTP/1.1" 200 5683
[11/Oct/2025:13:49:02 +0900] 0:0:0:0:0:0:0:1 "PUT /v1/users/3/follow HTTP/1.1" 200 46214
[11/Oct/2025:13:49:02 +0900] 0:0:0:0:0:0:0:1 "OPTIONS /v1/users/3/followers HTTP/1.1" 200 5178
[11/Oct/2025:13:49:02 +0900] 0:0:0:0:0:0:0:1 "OPTIONS /v1/users/2/following HTTP/1.1" 200 3845
[11/Oct/2025:13:49:02 +0900] 0:0:0:0:0:0:0:1 "GET /v1/users/3/followers HTTP/1.1" 200 40320
[11/Oct/2025:13:49:02 +0900] 0:0:0:0:0:0:0:1 "GET /v1/users/2/following HTTP/1.1" 200 40143
[11/Oct/2025:13:49:20 +0900] 0:0:0:0:0:0:0:1 "GET /v1/auth/csrf HTTP/1.1" 200 10929
[11/Oct/2025:13:49:20 +0900] 0:0:0:0:0:0:0:1 "OPTIONS /v1/users/3/follow HTTP/1.1" 200 3426
[11/Oct/2025:13:49:20 +0900] 0:0:0:0:0:0:0:1 "DELETE /v1/users/3/follow HTTP/1.1" 200 11214
[11/Oct/2025:13:49:20 +0900] 0:0:0:0:0:0:0:1 "OPTIONS /v1/users/3/followers HTTP/1.1" 200 3544
[11/Oct/2025:13:49:20 +0900] 0:0:0:0:0:0:0:1 "OPTIONS /v1/users/2/following HTTP/1.1" 200 6831
[11/Oct/2025:13:49:20 +0900] 0:0:0:0:0:0:0:1 "GET /v1/users/2/following HTTP/1.1" 200 18427
[11/Oct/2025:13:49:20 +0900] 0:0:0:0:0:0:0:1 "GET /v1/users/3/followers HTTP/1.1" 200 24816
[11/Oct/2025:14:00:19 +0900] 0:0:0:0:0:0:0:1 "GET /v1/users/2/following HTTP/1.1" 401 38131
[11/Oct/2025:14:00:19 +0900] 0:0:0:0:0:0:0:1 "GET /v1/users/3/followers HTTP/1.1" 401 48686
[11/Oct/2025:14:02:30 +0900] 0:0:0:0:0:0:0:1 "OPTIONS /v1/auth/magic-link/request HTTP/1.1" 200 18624
[11/Oct/2025:14:02:30 +0900] 0:0:0:0:0:0:0:1 "POST /v1/auth/magic-link/request HTTP/1.1" 200 24215
[11/Oct/2025:14:02:46 +0900] 0:0:0:0:0:0:0:1 "OPTIONS /v1/auth/magic-link/consume HTTP/1.1" 200 4474
[11/Oct/2025:14:02:46 +0900] 0:0:0:0:0:0:0:1 "POST /v1/auth/magic-link/consume HTTP/1.1" 200 22554
[11/Oct/2025:14:03:39 +0900] 0:0:0:0:0:0:0:1 "GET /v1/auth/csrf HTTP/1.1" 200 19451
[11/Oct/2025:14:04:13 +0900] 0:0:0:0:0:0:0:1 "OPTIONS /v1/posts HTTP/1.1" 200 34463
[11/Oct/2025:14:04:13 +0900] 0:0:0:0:0:0:0:1 "POST /v1/posts HTTP/1.1" 500 90042
[11/Oct/2025:14:18:50 +0900] 0:0:0:0:0:0:0:1 "OPTIONS /v1/auth/magic-link/request HTTP/1.1" 200 56810
[11/Oct/2025:14:18:50 +0900] 0:0:0:0:0:0:0:1 "POST /v1/auth/magic-link/request HTTP/1.1" 200 89392
[11/Oct/2025:14:19:02 +0900] 0:0:0:0:0:0:0:1 "OPTIONS /v1/auth/magic-link/consume HTTP/1.1" 200 10956
[11/Oct/2025:14:19:03 +0900] 0:0:0:0:0:0:0:1 "POST /v1/auth/magic-link/consume HTTP/1.1" 200 127088
[11/Oct/2025:14:19:22 +0900] 0:0:0:0:0:0:0:1 "OPTIONS /v1/posts HTTP/1.1" 200 40267
[11/Oct/2025:14:19:22 +0900] 0:0:0:0:0:0:0:1 "POST /v1/posts HTTP/1.1" 200 100127
[11/Oct/2025:14:28:17 +0900] 0:0:0:0:0:0:0:1 "OPTIONS /v1/posts HTTP/1.1" 200 9113
[11/Oct/2025:14:28:17 +0900] 0:0:0:0:0:0:0:1 "POST /v1/posts HTTP/1.1" 200 17792
[11/Oct/2025:18:25:55 +0900] 0:0:0:0:0:0:0:1 "OPTIONS /v1/auth/magic-link/request HTTP/1.1" 200 20412
[11/Oct/2025:18:25:55 +0900] 0:0:0:0:0:0:0:1 "POST /v1/auth/magic-link/request HTTP/1.1" 200 47753
[11/Oct/2025:18:26:09 +0900] 0:0:0:0:0:0:0:1 "OPTIONS /v1/auth/magic-link/consume HTTP/1.1" 200 17587
[11/Oct/2025:18:26:09 +0900] 0:0:0:0:0:0:0:1 "POST /v1/auth/magic-link/consume HTTP/1.1" 200 47303
[11/Oct/2025:18:26:30 +0900] 0:0:0:0:0:0:0:1 "OPTIONS /v1/posts HTTP/1.1" 200 8625
[11/Oct/2025:18:26:30 +0900] 0:0:0:0:0:0:0:1 "POST /v1/posts HTTP/1.1" 200 57459
[11/Oct/2025:18:27:15 +0900] 0:0:0:0:0:0:0:1 "OPTIONS /v1/posts HTTP/1.1" 200 9015
[11/Oct/2025:18:27:15 +0900] 0:0:0:0:0:0:0:1 "POST /v1/posts HTTP/1.1" 200 21728
[11/Oct/2025:18:28:00 +0900] 0:0:0:0:0:0:0:1 "OPTIONS /v1/posts HTTP/1.1" 200 13493
[11/Oct/2025:18:28:00 +0900] 0:0:0:0:0:0:0:1 "POST /v1/posts HTTP/1.1" 500 156330
[11/Oct/2025:19:37:07 +0900] 0:0:0:0:0:0:0:1 "OPTIONS /v1/auth/magic-link/request HTTP/1.1" 200 52873
[11/Oct/2025:19:37:07 +0900] 0:0:0:0:0:0:0:1 "POST /v1/auth/magic-link/request HTTP/1.1" 200 89415
[11/Oct/2025:19:37:21 +0900] 0:0:0:0:0:0:0:1 "OPTIONS /v1/auth/magic-link/consume HTTP/1.1" 200 33236
[11/Oct/2025:19:37:21 +0900] 0:0:0:0:0:0:0:1 "POST /v1/auth/magic-link/consume HTTP/1.1" 200 129223
[11/Oct/2025:19:38:08 +0900] 0:0:0:0:0:0:0:1 "OPTIONS /v1/posts HTTP/1.1" 200 7184
[11/Oct/2025:19:38:08 +0900] 0:0:0:0:0:0:0:1 "POST /v1/posts HTTP/1.1" 200 61510
[11/Oct/2025:19:56:12 +0900] 0:0:0:0:0:0:0:1 "GET /v1/auth/csrf HTTP/1.1" 200 39309
[11/Oct/2025:19:59:29 +0900] 0:0:0:0:0:0:0:1 "GET /v1/auth/csrf HTTP/1.1" 200 61756
[11/Oct/2025:19:59:30 +0900] 0:0:0:0:0:0:0:1 "GET /v1/auth/csrf HTTP/1.1" 200 11202
[11/Oct/2025:20:00:32 +0900] 0:0:0:0:0:0:0:1 "OPTIONS /v1/auth/magic-link/request HTTP/1.1" 200 66079
[11/Oct/2025:20:00:32 +0900] 0:0:0:0:0:0:0:1 "POST /v1/auth/magic-link/request HTTP/1.1" 200 112486
[11/Oct/2025:20:00:46 +0900] 0:0:0:0:0:0:0:1 "OPTIONS /v1/auth/magic-link/consume HTTP/1.1" 200 17212
[11/Oct/2025:20:00:46 +0900] 0:0:0:0:0:0:0:1 "POST /v1/auth/magic-link/consume HTTP/1.1" 200 108521
[11/Oct/2025:20:01:13 +0900] 0:0:0:0:0:0:0:1 "OPTIONS /v1/tweets/1/reply HTTP/1.1" 200 19170
[11/Oct/2025:20:01:13 +0900] 0:0:0:0:0:0:0:1 "POST /v1/tweets/1/reply HTTP/1.1" 200 133953
[11/Oct/2025:20:09:10 +0900] 0:0:0:0:0:0:0:1 "GET /v1/auth/csrf HTTP/1.1" 200 30443
[11/Oct/2025:20:09:20 +0900] 0:0:0:0:0:0:0:1 "GET /v1/tweets/popular?limit=30&day_count=15 HTTP/1.1" 401 17728
[11/Oct/2025:20:10:39 +0900] 0:0:0:0:0:0:0:1 "GET /v1/auth/csrf HTTP/1.1" 200 13875
[11/Oct/2025:20:10:56 +0900] 0:0:0:0:0:0:0:1 "GET /v1/tweets/popular?limit=30&day_count=15 HTTP/1.1" 401 11634
[11/Oct/2025:20:11:19 +0900] 0:0:0:0:0:0:0:1 "OPTIONS /v1/tweets/popular?limit=30&day_count=15 HTTP/1.1" 200 17375
[11/Oct/2025:20:11:19 +0900] 0:0:0:0:0:0:0:1 "GET /v1/tweets/popular?limit=30&day_count=15 HTTP/1.1" 200 105226
[11/Oct/2025:20:11:27 +0900] 0:0:0:0:0:0:0:1 "OPTIONS /v1/users/1/tweets?limit=30 HTTP/1.1" 200 5350
[11/Oct/2025:20:11:27 +0900] 0:0:0:0:0:0:0:1 "GET /v1/users/1/tweets?limit=30 HTTP/1.1" 200 25891
[11/Oct/2025:20:11:41 +0900] 0:0:0:0:0:0:0:1 "OPTIONS /v1/tweets/1/replies?limit=30 HTTP/1.1" 200 4432
[11/Oct/2025:20:11:41 +0900] 0:0:0:0:0:0:0:1 "GET /v1/tweets/1/replies?limit=30 HTTP/1.1" 200 31743
[11/Oct/2025:20:11:50 +0900] 0:0:0:0:0:0:0:1 "OPTIONS /v1/timeline?limit=30 HTTP/1.1" 200 8579
[11/Oct/2025:20:11:50 +0900] 0:0:0:0:0:0:0:1 "GET /v1/timeline?limit=30 HTTP/1.1" 200 29621
