[29/Sep/2025:00:36:07 +0900] 0:0:0:0:0:0:0:1 "POST /v1/auth/signup HTTP/1.1" 401 131288
[29/Sep/2025:00:41:34 +0900] 0:0:0:0:0:0:0:1 "POST /v1/auth/signup HTTP/1.1" 401 45922
[29/Sep/2025:00:44:29 +0900] 0:0:0:0:0:0:0:1 "POST /v1/auth/signup HTTP/1.1" 401 21124
[29/Sep/2025:00:46:03 +0900] 0:0:0:0:0:0:0:1 "POST /v1/auth/signup HTTP/1.1" 401 185648
[29/Sep/2025:00:50:07 +0900] 0:0:0:0:0:0:0:1 "POST /v1/auth/signup HTTP/1.1" 403 345347
[29/Sep/2025:00:55:15 +0900] 0:0:0:0:0:0:0:1 "POST /v1/auth/signup HTTP/1.1" 403 344320
[29/Sep/2025:01:06:31 +0900] 0:0:0:0:0:0:0:1 "POST /v1/auth/signup HTTP/1.1" 403 343683
[29/Sep/2025:01:18:31 +0900] 0:0:0:0:0:0:0:1 "POST /v1/auth/signup HTTP/1.1" 202 609859
[29/Sep/2025:01:29:16 +0900] 0:0:0:0:0:0:0:1 "POST /v1/auth/signup HTTP/1.1" 202 309826
[29/Sep/2025:01:31:25 +0900] 0:0:0:0:0:0:0:1 "POST /v1/auth/verify HTTP/1.1" 403 42981
[29/Sep/2025:01:46:32 +0900] 0:0:0:0:0:0:0:1 "POST /v1/auth/signup HTTP/1.1" 202 456957
[29/Sep/2025:01:47:44 +0900] 0:0:0:0:0:0:0:1 "POST /v1/auth/verify HTTP/1.1" 500 52926
[29/Sep/2025:01:58:22 +0900] 0:0:0:0:0:0:0:1 "POST /v1/auth/signup HTTP/1.1" 202 512362
[29/Sep/2025:01:59:08 +0900] 0:0:0:0:0:0:0:1 "POST /v1/auth/verify HTTP/1.1" 200 76467
[29/Sep/2025:13:12:37 +0900] 0:0:0:0:0:0:0:1 "POST /v1/auth/signup HTTP/1.1" 202 492073
[29/Sep/2025:13:13:28 +0900] 0:0:0:0:0:0:0:1 "POST /v1/auth/verify HTTP/1.1" 200 48701
[29/Sep/2025:13:52:28 +0900] 0:0:0:0:0:0:0:1 "POST /v1/auth/magic-link/request HTTP/1.1" 200 89753
[29/Sep/2025:13:55:36 +0900] 0:0:0:0:0:0:0:1 "POST /v1/auth/magic-link/request HTTP/1.1" 200 86057
[29/Sep/2025:13:56:25 +0900] 0:0:0:0:0:0:0:1 "POST /v1/auth/magic-link/consume HTTP/1.1" 200 128815
[29/Sep/2025:19:11:06 +0900] 0:0:0:0:0:0:0:1 "POST /v1/auth/magic-link/request HTTP/1.1" 200 93225
[29/Sep/2025:19:12:22 +0900] 0:0:0:0:0:0:0:1 "POST /v1/auth/magic-link/consume HTTP/1.1" 200 126785
[29/Sep/2025:19:13:16 +0900] 0:0:0:0:0:0:0:1 "GET /actuator/health HTTP/1.1" 503 214890
[29/Sep/2025:19:15:56 +0900] 0:0:0:0:0:0:0:1 "GET /v1/auth/refresh HTTP/1.1" 403 35574
[29/Sep/2025:23:53:58 +0900] 0:0:0:0:0:0:0:1 "POST /v1/auth/magic-link/request HTTP/1.1" 200 100117
[29/Sep/2025:23:54:54 +0900] 0:0:0:0:0:0:0:1 "POST /v1/auth/magic-link/consume HTTP/1.1" 200 148456
[29/Sep/2025:23:55:32 +0900] 0:0:0:0:0:0:0:1 "GET /v1/auth/csrf HTTP/1.1" 200 31045
[29/Sep/2025:23:55:58 +0900] 0:0:0:0:0:0:0:1 "POST /v1/auth/refresh HTTP/1.1" 401 115564
[29/Sep/2025:23:59:55 +0900] 0:0:0:0:0:0:0:1 "POST /v1/auth/refresh HTTP/1.1" 401 13817
